<?xml version="1.0" encoding="UTF-8" standalone="yes"?>
<testsuites time="0.06" tests="2" failures="1" errors="1">
    <testsuite name="GraphWalker" tests="2" failures="1" errors="1" time="0.06" timestamp="2018-03-09T15:20:57">
        <properties>
[...]
</properties>
        <testcase name="ExampleGlobalVariable2" time="0.03" classname="ExampleGlobalVariable2">
            <failure type="Not fulfilled" message="0"/>
        </testcase>
        <testcase name="ExampleGlobalVariable1" time="0.03" classname="ExampleGlobalVariable1">
            <error type="javax.script.ScriptException" message="ReferenceError: &quot;global&quot; is not defined in &lt;eval&gt; at line number 1">
                javax.script.ScriptException: ReferenceError: "global" is not defined in &lt;eval&gt; at line number 1&#xD;
                	at jdk.nashorn.api.scripting.NashornScriptEngine.throwAsScriptException(NashornScriptEngine.java:470)&#xD;
                	at jdk.nashorn.api.scripting.NashornScriptEngine.evalImpl(NashornScriptEngine.java:454)&#xD;
                	at jdk.nashorn.api.scripting.NashornScriptEngine.evalImpl(NashornScriptEngine.java:406)&#xD;
                	at jdk.nashorn.api.scripting.NashornScriptEngine.evalImpl(NashornScriptEngine.java:402)&#xD;
                	at jdk.nashorn.api.scripting.NashornScriptEngine.eval(NashornScriptEngine.java:155)&#xD;
                	at javax.script.AbstractScriptEngine.eval(AbstractScriptEngine.java:264)&#xD;
                	at org.graphwalker.core.machine.ExecutionContext.execute(ExecutionContext.java:275)&#xD;
                	at org.graphwalker.core.machine.SimpleMachine.execute(SimpleMachine.java:287)&#xD;
                	at org.graphwalker.core.machine.SimpleMachine.execute(SimpleMachine.java:279)&#xD;
                	at org.graphwalker.core.machine.SimpleMachine.execute(SimpleMachine.java:270)&#xD;
                	at org.graphwalker.core.machine.SimpleMachine.getNextStep(SimpleMachine.java:100)&#xD;
                	at org.graphwalker.java.test.TestExecutor.execute(TestExecutor.java:219)&#xD;
                	at sun.reflect.NativeMethodAccessorImpl.invoke0(Native Method)&#xD;
                	at sun.reflect.NativeMethodAccessorImpl.invoke(NativeMethodAccessorImpl.java:62)&#xD;
                	at sun.reflect.DelegatingMethodAccessorImpl.invoke(DelegatingMethodAccessorImpl.java:43)&#xD;
                	at java.lang.reflect.Method.invoke(Method.java:498)&#xD;
                	at org.graphwalker.java.test.Reflections.invoke(Reflections.java:73)&#xD;
                	at org.graphwalker.java.test.Reflector.execute(Reflector.java:123)&#xD;
                	at org.graphwalker.maven.plugin.TestMojo.execute(TestMojo.java:161)&#xD;
                	at org.apache.maven.plugin.DefaultBuildPluginManager.executeMojo(DefaultBuildPluginManager.java:134)&#xD;
                	at org.apache.maven.lifecycle.internal.MojoExecutor.execute(MojoExecutor.java:207)&#xD;
                	at org.apache.maven.lifecycle.internal.MojoExecutor.execute(MojoExecutor.java:153)&#xD;
                	at org.apache.maven.lifecycle.internal.MojoExecutor.execute(MojoExecutor.java:145)&#xD;
                	at org.apache.maven.lifecycle.internal.LifecycleModuleBuilder.buildProject(LifecycleModuleBuilder.java:116)&#xD;
                	at org.apache.maven.lifecycle.internal.LifecycleModuleBuilder.buildProject(LifecycleModuleBuilder.java:80)&#xD;
                	at org.apache.maven.lifecycle.internal.builder.singlethreaded.SingleThreadedBuilder.build(SingleThreadedBuilder.java:51)&#xD;
                	at org.apache.maven.lifecycle.internal.LifecycleStarter.execute(LifecycleStarter.java:128)&#xD;
                	at org.apache.maven.DefaultMaven.doExecute(DefaultMaven.java:307)&#xD;
                	at org.apache.maven.DefaultMaven.doExecute(DefaultMaven.java:193)&#xD;
                	at org.apache.maven.DefaultMaven.execute(DefaultMaven.java:106)&#xD;
                	at org.apache.maven.cli.MavenCli.execute(MavenCli.java:863)&#xD;
                	at org.apache.maven.cli.MavenCli.doMain(MavenCli.java:288)&#xD;
                	at org.apache.maven.cli.MavenCli.main(MavenCli.java:199)&#xD;
                	at sun.reflect.NativeMethodAccessorImpl.invoke0(Native Method)&#xD;
                	at sun.reflect.NativeMethodAccessorImpl.invoke(NativeMethodAccessorImpl.java:62)&#xD;
                	at sun.reflect.DelegatingMethodAccessorImpl.invoke(DelegatingMethodAccessorImpl.java:43)&#xD;
                	at java.lang.reflect.Method.invoke(Method.java:498)&#xD;
                	at org.codehaus.plexus.classworlds.launcher.Launcher.launchEnhanced(Launcher.java:289)&#xD;
                	at org.codehaus.plexus.classworlds.launcher.Launcher.launch(Launcher.java:229)&#xD;
                	at org.codehaus.plexus.classworlds.launcher.Launcher.mainWithExitCode(Launcher.java:415)&#xD;
                	at org.codehaus.plexus.classworlds.launcher.Launcher.main(Launcher.java:356)&#xD;
                	at org.codehaus.classworlds.Launcher.main(Launcher.java:47)&#xD;
                Caused by: &lt;eval&gt;:1 ReferenceError: "global" is not defined&#xD;
                	at jdk.nashorn.internal.runtime.ECMAErrors.error(ECMAErrors.java:57)&#xD;
                	at jdk.nashorn.internal.runtime.ECMAErrors.referenceError(ECMAErrors.java:319)&#xD;
                	at jdk.nashorn.internal.runtime.ECMAErrors.referenceError(ECMAErrors.java:291)&#xD;
                	at jdk.nashorn.internal.objects.Global.__noSuchProperty__(Global.java:1441)&#xD;
                	at jdk.nashorn.internal.scripts.Script$10$\^eval\_.:program(&lt;eval&gt;:1)&#xD;
                	at jdk.nashorn.internal.runtime.ScriptFunctionData.invoke(ScriptFunctionData.java:637)&#xD;
                	at jdk.nashorn.internal.runtime.ScriptFunction.invoke(ScriptFunction.java:494)&#xD;
                	at jdk.nashorn.internal.runtime.ScriptRuntime.apply(ScriptRuntime.java:393)&#xD;
                	at jdk.nashorn.api.scripting.NashornScriptEngine.evalImpl(NashornScriptEngine.java:449)&#xD;
                	... 40 more&#xD;
</error>
        </testcase>
    </testsuite>
</testsuites>
